TN:
SF:/home/pavel/page-loader/src/index.js
FN:8,(anonymous_0)
FN:24,(anonymous_1)
FN:25,(anonymous_2)
FN:27,(anonymous_3)
FN:28,(anonymous_4)
FN:34,(anonymous_5)
FN:38,(anonymous_6)
FN:40,(anonymous_7)
FN:40,(anonymous_8)
FN:43,(anonymous_9)
FNF:10
FNH:9
FNDA:2,(anonymous_0)
FNDA:2,(anonymous_1)
FNDA:2,(anonymous_2)
FNDA:6,(anonymous_3)
FNDA:6,(anonymous_4)
FNDA:6,(anonymous_5)
FNDA:6,(anonymous_6)
FNDA:0,(anonymous_7)
FNDA:2,(anonymous_8)
FNDA:2,(anonymous_9)
DA:9,2
DA:10,2
DA:11,2
DA:12,2
DA:13,2
DA:18,2
DA:23,2
DA:24,2
DA:26,2
DA:27,2
DA:28,6
DA:29,6
DA:30,6
DA:34,2
DA:35,6
DA:38,6
DA:40,2
DA:41,2
DA:43,2
LF:19
LH:19
BRDA:8,0,0,1
BRDA:24,1,0,2
BRDA:24,1,1,0
BRF:3
BRH:2
end_of_record
TN:
SF:/home/pavel/page-loader/src/lib/aixosHttpAdapter.js
FN:4,(anonymous_0)
FNF:1
FNH:1
FNDA:1,(anonymous_0)
DA:5,1
DA:6,1
DA:7,1
LF:3
LH:3
BRF:0
BRH:0
end_of_record
