TN:
SF:/home/pavel/Projects/page-loader/src/index.js
FN:11,(anonymous_0)
FN:32,(anonymous_1)
FN:32,(anonymous_2)
FN:38,(anonymous_3)
FN:39,(anonymous_4)
FN:41,(anonymous_5)
FN:42,(anonymous_6)
FN:51,(anonymous_7)
FN:54,(anonymous_8)
FN:55,(anonymous_9)
FN:59,(anonymous_10)
FNF:11
FNH:11
FNDA:4,(anonymous_0)
FNDA:2,(anonymous_1)
FNDA:2,(anonymous_2)
FNDA:2,(anonymous_3)
FNDA:1,(anonymous_4)
FNDA:3,(anonymous_5)
FNDA:3,(anonymous_6)
FNDA:3,(anonymous_7)
FNDA:1,(anonymous_8)
FNDA:3,(anonymous_9)
FNDA:1,(anonymous_10)
DA:14,4
DA:15,4
DA:16,3
DA:18,1
DA:20,3
DA:21,3
DA:26,3
DA:31,3
DA:32,2
DA:33,2
DA:34,2
DA:36,0
DA:38,2
DA:40,1
DA:41,1
DA:42,3
DA:43,3
DA:44,3
DA:45,3
DA:47,3
DA:49,1
DA:50,1
DA:51,3
DA:52,1
DA:55,1
DA:56,3
DA:59,1
LF:27
LH:26
BRDA:11,0,0,0
BRDA:33,1,0,2
BRDA:33,1,1,0
BRF:3
BRH:1
end_of_record
TN:
SF:/home/pavel/Projects/page-loader/src/lib/axios.js
FN:4,(anonymous_0)
FNF:1
FNH:1
FNDA:1,(anonymous_0)
DA:5,1
DA:6,1
DA:7,1
LF:3
LH:3
BRF:0
BRH:0
end_of_record
TN:
SF:/home/pavel/Projects/page-loader/src/lib/debug.js
FNF:0
FNH:0
LF:0
LH:0
BRF:0
BRH:0
end_of_record
TN:
SF:/home/pavel/Projects/page-loader/src/lib/getFileNameFromUrl.js
FN:3,(anonymous_0)
FNF:1
FNH:1
FNDA:3,(anonymous_0)
DA:3,3
LF:1
LH:1
BRF:0
BRH:0
end_of_record
